nohup: ignoring input
2025-05-04 17:22:07,065 - INFO - Features vector is loading
2025-05-04 17:23:09,911 - INFO - Features vector is loaded
2025-05-04 17:23:09,911 - INFO - Labels are loading
2025-05-04 17:23:10,214 - INFO - Labels are loaded
2025-05-04 17:23:10,221 - INFO - optuna.create_study
[I 2025-05-04 17:23:10,221] A new study created in memory with name: no-name-ddd9cf2e-c2cf-43a3-b6e9-48b070a7a7b0
2025-05-04 17:23:10,221 - INFO - study.optimize
2025-05-04 17:23:10,222 - INFO - objective
[I 2025-05-04 17:38:03,846] Trial 0 finished with value: 0.8231639866693418 and parameters: {'eta': 0.16596794742381307, 'max_depth': 6, 'subsample': 0.7913397543698468, 'colsample_bytree': 0.8968844570843666, 'min_child_weight': 2, 'gamma': 1.2982612983686619}. Best is trial 0 with value: 0.8231639866693418.
2025-05-04 17:38:03,846 - INFO - objective
[I 2025-05-04 18:00:21,298] Trial 1 finished with value: 0.8184764751542043 and parameters: {'eta': 0.05683323606394674, 'max_depth': 7, 'subsample': 0.7082575538317744, 'colsample_bytree': 0.8636100315549258, 'min_child_weight': 5, 'gamma': 4.338358811675105}. Best is trial 0 with value: 0.8231639866693418.
2025-05-04 18:00:21,298 - INFO - objective
[I 2025-05-04 18:18:24,537] Trial 2 finished with value: 0.8241361108835774 and parameters: {'eta': 0.10987873990790928, 'max_depth': 7, 'subsample': 0.8846992614378029, 'colsample_bytree': 0.800042825799249, 'min_child_weight': 10, 'gamma': 4.172048095209941}. Best is trial 2 with value: 0.8241361108835774.
2025-05-04 18:18:24,538 - INFO - objective
[I 2025-05-04 18:35:06,991] Trial 3 finished with value: 0.8052763888408783 and parameters: {'eta': 0.04810431356735388, 'max_depth': 5, 'subsample': 0.8878859346618047, 'colsample_bytree': 0.7217222752947372, 'min_child_weight': 2, 'gamma': 1.855849253587019}. Best is trial 2 with value: 0.8241361108835774.
2025-05-04 18:35:06,992 - INFO - objective
[I 2025-05-04 19:11:29,419] Trial 4 finished with value: 0.7916065158274764 and parameters: {'eta': 0.0346749301167666, 'max_depth': 3, 'subsample': 0.866990393095106, 'colsample_bytree': 0.6171661077358471, 'min_child_weight': 3, 'gamma': 1.8612818121912693}. Best is trial 2 with value: 0.8241361108835774.
2025-05-04 19:11:29,420 - INFO - objective
[I 2025-05-04 19:20:48,109] Trial 5 finished with value: 0.7835233218557959 and parameters: {'eta': 0.014126631573071506, 'max_depth': 4, 'subsample': 0.8871825709115446, 'colsample_bytree': 0.6382256613444083, 'min_child_weight': 6, 'gamma': 1.5314062309106018}. Best is trial 2 with value: 0.8241361108835774.
2025-05-04 19:20:48,109 - INFO - objective
[I 2025-05-04 19:39:11,995] Trial 6 finished with value: 0.8193454202613044 and parameters: {'eta': 0.056222634147040804, 'max_depth': 7, 'subsample': 0.6164182769094617, 'colsample_bytree': 0.968680161920711, 'min_child_weight': 2, 'gamma': 2.72030619517298}. Best is trial 2 with value: 0.8241361108835774.
2025-05-04 19:39:11,995 - INFO - objective
[I 2025-05-04 19:56:57,179] Trial 7 finished with value: 0.8032326735706685 and parameters: {'eta': 0.014876417824580735, 'max_depth': 6, 'subsample': 0.7400605158665834, 'colsample_bytree': 0.8981622693173315, 'min_child_weight': 6, 'gamma': 2.1785330345151337}. Best is trial 2 with value: 0.8241361108835774.
2025-05-04 19:56:57,180 - INFO - objective
[I 2025-05-04 20:30:16,383] Trial 8 finished with value: 0.8005086128910921 and parameters: {'eta': 0.11280437598772429, 'max_depth': 3, 'subsample': 0.8905032070516783, 'colsample_bytree': 0.7307938869204769, 'min_child_weight': 4, 'gamma': 0.8075270133003554}. Best is trial 2 with value: 0.8241361108835774.
2025-05-04 20:30:16,383 - INFO - objective
[I 2025-05-04 20:48:35,641] Trial 9 finished with value: 0.8231022968465056 and parameters: {'eta': 0.08782102904918473, 'max_depth': 7, 'subsample': 0.6060291645649272, 'colsample_bytree': 0.8109641373296598, 'min_child_weight': 3, 'gamma': 2.0897043253831846}. Best is trial 2 with value: 0.8241361108835774.
2025-05-04 20:48:35,641 - INFO - objective
[I 2025-05-04 21:04:19,199] Trial 10 finished with value: 0.8334045959429485 and parameters: {'eta': 0.29805289581563443, 'max_depth': 10, 'subsample': 0.9707620084007607, 'colsample_bytree': 0.7366517366606745, 'min_child_weight': 10, 'gamma': 4.796281616453409}. Best is trial 10 with value: 0.8334045959429485.
2025-05-04 21:04:19,199 - INFO - objective
[I 2025-05-04 21:35:56,382] Trial 11 finished with value: 0.8333652644936179 and parameters: {'eta': 0.29863649272246673, 'max_depth': 10, 'subsample': 0.9980435322862229, 'colsample_bytree': 0.7526952976518344, 'min_child_weight': 10, 'gamma': 4.816879634395959}. Best is trial 10 with value: 0.8334045959429485.
2025-05-04 21:35:56,382 - INFO - objective
[I 2025-05-04 21:50:18,305] Trial 12 finished with value: 0.8338682347616516 and parameters: {'eta': 0.265737151542554, 'max_depth': 10, 'subsample': 0.9951884971237228, 'colsample_bytree': 0.7094651328047475, 'min_child_weight': 10, 'gamma': 4.966194647472962}. Best is trial 12 with value: 0.8338682347616516.
2025-05-04 21:50:18,305 - INFO - objective
[I 2025-05-04 22:06:52,794] Trial 13 finished with value: 0.8349969948880849 and parameters: {'eta': 0.2769219590276785, 'max_depth': 10, 'subsample': 0.9936262590119866, 'colsample_bytree': 0.683261604819728, 'min_child_weight': 8, 'gamma': 3.2231629598132288}. Best is trial 13 with value: 0.8349969948880849.
2025-05-04 22:06:52,794 - INFO - objective
[I 2025-05-04 22:25:45,617] Trial 14 finished with value: 0.8339176751289419 and parameters: {'eta': 0.20418937702789375, 'max_depth': 9, 'subsample': 0.9504555896388076, 'colsample_bytree': 0.667542435725287, 'min_child_weight': 8, 'gamma': 3.309513901838357}. Best is trial 13 with value: 0.8349969948880849.
2025-05-04 22:25:45,618 - INFO - objective
[I 2025-05-04 22:44:12,829] Trial 15 finished with value: 0.8319809006014082 and parameters: {'eta': 0.1696421572044226, 'max_depth': 9, 'subsample': 0.9449481122681335, 'colsample_bytree': 0.6656200763294121, 'min_child_weight': 8, 'gamma': 3.1880356953201403}. Best is trial 13 with value: 0.8349969948880849.
2025-05-04 22:44:12,829 - INFO - objective
[I 2025-05-04 23:03:31,469] Trial 16 finished with value: 0.8322160917246156 and parameters: {'eta': 0.17792008995794076, 'max_depth': 9, 'subsample': 0.9401208958980167, 'colsample_bytree': 0.6795930228309298, 'min_child_weight': 8, 'gamma': 3.2522966889624985}. Best is trial 13 with value: 0.8349969948880849.
2025-05-04 23:03:31,470 - INFO - objective
[I 2025-05-04 23:19:54,923] Trial 17 finished with value: 0.8320999831724268 and parameters: {'eta': 0.20183048738576342, 'max_depth': 9, 'subsample': 0.8167415125447457, 'colsample_bytree': 0.6026541102743133, 'min_child_weight': 8, 'gamma': 3.677002044693606}. Best is trial 13 with value: 0.8349969948880849.
2025-05-04 23:19:54,923 - INFO - objective
[I 2025-05-04 23:39:08,097] Trial 18 finished with value: 0.8173370459489682 and parameters: {'eta': 0.029659809046626757, 'max_depth': 8, 'subsample': 0.93113951634317, 'colsample_bytree': 0.6633526322695688, 'min_child_weight': 7, 'gamma': 2.7087419582870655}. Best is trial 13 with value: 0.8349969948880849.
2025-05-04 23:39:08,097 - INFO - objective
[I 2025-05-04 23:58:23,593] Trial 19 finished with value: 0.8265136376616348 and parameters: {'eta': 0.09140022062946, 'max_depth': 8, 'subsample': 0.8320272042071412, 'colsample_bytree': 0.7760006205696798, 'min_child_weight': 7, 'gamma': 0.09534442236297647}. Best is trial 13 with value: 0.8349969948880849.
2025-05-04 23:58:23,594 - INFO - objective
[I 2025-05-05 00:37:14,847] Trial 20 finished with value: 0.8279305352031618 and parameters: {'eta': 0.13851174786243053, 'max_depth': 8, 'subsample': 0.929794508551714, 'colsample_bytree': 0.6890248973749078, 'min_child_weight': 9, 'gamma': 3.5617152835080064}. Best is trial 13 with value: 0.8349969948880849.
2025-05-05 00:37:14,847 - INFO - objective
[I 2025-05-05 01:25:17,772] Trial 21 finished with value: 0.8338888485855468 and parameters: {'eta': 0.23291312065985437, 'max_depth': 10, 'subsample': 0.9998108677205949, 'colsample_bytree': 0.6920629059909904, 'min_child_weight': 9, 'gamma': 4.141668322779817}. Best is trial 13 with value: 0.8349969948880849.
2025-05-05 01:25:17,772 - INFO - objective
[I 2025-05-05 01:42:11,580] Trial 22 finished with value: 0.8334649068471149 and parameters: {'eta': 0.2082043642527674, 'max_depth': 10, 'subsample': 0.9729382988195323, 'colsample_bytree': 0.6510103965463514, 'min_child_weight': 9, 'gamma': 3.8470753686674004}. Best is trial 13 with value: 0.8349969948880849.
2025-05-05 01:42:11,580 - INFO - objective
[I 2025-05-05 02:00:30,875] Trial 23 finished with value: 0.8332605376017352 and parameters: {'eta': 0.23077131700800352, 'max_depth': 9, 'subsample': 0.9643821271145786, 'colsample_bytree': 0.69791996067015, 'min_child_weight': 7, 'gamma': 3.079178824387356}. Best is trial 13 with value: 0.8349969948880849.
2025-05-05 02:00:30,875 - INFO - objective
[I 2025-05-05 02:19:48,781] Trial 24 finished with value: 0.8324559418665111 and parameters: {'eta': 0.13815935045988037, 'max_depth': 10, 'subsample': 0.9175510090090563, 'colsample_bytree': 0.6319541628351261, 'min_child_weight': 9, 'gamma': 4.0114359074639845}. Best is trial 13 with value: 0.8349969948880849.
2025-05-05 02:19:48,782 - INFO - objective
[I 2025-05-05 02:36:09,650] Trial 25 finished with value: 0.8281926473841507 and parameters: {'eta': 0.07435611390235103, 'max_depth': 9, 'subsample': 0.9905052201048158, 'colsample_bytree': 0.7720531131789097, 'min_child_weight': 8, 'gamma': 4.3994344884244345}. Best is trial 13 with value: 0.8349969948880849.
2025-05-05 02:36:09,651 - INFO - objective
[I 2025-05-05 02:54:23,701] Trial 26 finished with value: 0.8301527765335022 and parameters: {'eta': 0.2343433775577668, 'max_depth': 8, 'subsample': 0.8534250358959614, 'colsample_bytree': 0.8192170235078833, 'min_child_weight': 9, 'gamma': 3.452117993738301}. Best is trial 13 with value: 0.8349969948880849.
2025-05-05 02:54:23,701 - INFO - objective
[I 2025-05-05 03:15:17,964] Trial 27 finished with value: 0.8331334064788444 and parameters: {'eta': 0.1398546363166126, 'max_depth': 10, 'subsample': 0.7776527597317006, 'colsample_bytree': 0.6015678732653449, 'min_child_weight': 5, 'gamma': 2.869509778010947}. Best is trial 13 with value: 0.8349969948880849.
2025-05-05 03:15:17,965 - INFO - objective
[I 2025-05-05 03:34:55,169] Trial 28 finished with value: 0.8165243178960564 and parameters: {'eta': 0.01103646812569709, 'max_depth': 9, 'subsample': 0.9632440913942575, 'colsample_bytree': 0.6956698663671954, 'min_child_weight': 7, 'gamma': 2.5055176580809975}. Best is trial 13 with value: 0.8349969948880849.
2025-05-05 03:34:55,169 - INFO - objective
[I 2025-05-05 03:48:48,969] Trial 29 finished with value: 0.8189104257749423 and parameters: {'eta': 0.17466175665321046, 'max_depth': 5, 'subsample': 0.6870539282980442, 'colsample_bytree': 0.7639020624075281, 'min_child_weight': 6, 'gamma': 4.376022988410629}. Best is trial 13 with value: 0.8349969948880849.
2025-05-05 03:48:48,969 - INFO - objective
[I 2025-05-05 04:04:16,433] Trial 30 finished with value: 0.8365839392937202 and parameters: {'eta': 0.23864676731935283, 'max_depth': 10, 'subsample': 0.9108948022074845, 'colsample_bytree': 0.836510352267923, 'min_child_weight': 8, 'gamma': 3.870650680745466}. Best is trial 30 with value: 0.8365839392937202.
2025-05-05 04:04:16,433 - INFO - objective
[I 2025-05-05 04:22:00,898] Trial 31 finished with value: 0.8353127756574963 and parameters: {'eta': 0.24069378531363522, 'max_depth': 10, 'subsample': 0.9138039869529603, 'colsample_bytree': 0.8423552402907251, 'min_child_weight': 8, 'gamma': 3.860920228480329}. Best is trial 30 with value: 0.8365839392937202.
2025-05-05 04:22:00,899 - INFO - objective
[I 2025-05-05 04:37:09,438] Trial 32 finished with value: 0.8320017627899933 and parameters: {'eta': 0.2973511201188383, 'max_depth': 9, 'subsample': 0.9117776414996662, 'colsample_bytree': 0.8497985761532898, 'min_child_weight': 8, 'gamma': 3.3889461955799276}. Best is trial 30 with value: 0.8365839392937202.
2025-05-05 04:37:09,438 - INFO - objective
[I 2025-05-05 04:57:22,299] Trial 33 finished with value: 0.8359122426165162 and parameters: {'eta': 0.14924749440432591, 'max_depth': 10, 'subsample': 0.9039384576486239, 'colsample_bytree': 0.9008608837942679, 'min_child_weight': 7, 'gamma': 3.767501048959157}. Best is trial 30 with value: 0.8365839392937202.
2025-05-05 04:57:22,299 - INFO - objective
[I 2025-05-05 05:13:48,623] Trial 34 finished with value: 0.833802252391665 and parameters: {'eta': 0.11701810851910492, 'max_depth': 10, 'subsample': 0.7848475664900375, 'colsample_bytree': 0.8995813255684735, 'min_child_weight': 7, 'gamma': 3.8179324077699373}. Best is trial 30 with value: 0.8365839392937202.
2025-05-05 05:13:48,623 - INFO - objective
[I 2025-05-05 05:33:51,543] Trial 35 finished with value: 0.8349677428847267 and parameters: {'eta': 0.15572002849026395, 'max_depth': 10, 'subsample': 0.8504473710237662, 'colsample_bytree': 0.931688566749099, 'min_child_weight': 6, 'gamma': 4.551593471882873}. Best is trial 30 with value: 0.8365839392937202.
2025-05-05 05:33:51,544 - INFO - objective
[I 2025-05-05 05:51:38,907] Trial 36 finished with value: 0.8311247030953341 and parameters: {'eta': 0.24284828488495194, 'max_depth': 8, 'subsample': 0.9044857259090825, 'colsample_bytree': 0.8578083096805594, 'min_child_weight': 5, 'gamma': 3.952362986640617}. Best is trial 30 with value: 0.8365839392937202.
2025-05-05 05:51:38,907 - INFO - objective
[I 2025-05-05 06:10:10,032] Trial 37 finished with value: 0.8278766280370917 and parameters: {'eta': 0.04040908575158832, 'max_depth': 10, 'subsample': 0.8699484154194524, 'colsample_bytree': 0.8306725276673417, 'min_child_weight': 1, 'gamma': 3.0318690546400022}. Best is trial 30 with value: 0.8365839392937202.
2025-05-05 06:10:10,033 - INFO - objective
[I 2025-05-05 06:25:10,030] Trial 38 finished with value: 0.8173508703012362 and parameters: {'eta': 0.18846942052948124, 'max_depth': 5, 'subsample': 0.8106868882992765, 'colsample_bytree': 0.8762064678892614, 'min_child_weight': 7, 'gamma': 3.6373990242297998}. Best is trial 30 with value: 0.8365839392937202.
2025-05-05 06:25:10,030 - INFO - objective
[I 2025-05-05 06:39:54,301] Trial 39 finished with value: 0.8065374436211865 and parameters: {'eta': 0.02590017080513289, 'max_depth': 6, 'subsample': 0.7525311953862999, 'colsample_bytree': 0.931016668213398, 'min_child_weight': 6, 'gamma': 4.056869550871578}. Best is trial 30 with value: 0.8365839392937202.
2025-05-05 06:39:54,301 - INFO - objective
[I 2025-05-05 06:57:02,592] Trial 40 finished with value: 0.8296912188629368 and parameters: {'eta': 0.09128796803523684, 'max_depth': 9, 'subsample': 0.9030007056789987, 'colsample_bytree': 0.9220649317197328, 'min_child_weight': 8, 'gamma': 4.528288739327723}. Best is trial 30 with value: 0.8365839392937202.
2025-05-05 06:57:02,592 - INFO - objective
[I 2025-05-05 07:13:37,524] Trial 41 finished with value: 0.8355331866309573 and parameters: {'eta': 0.15125454643642738, 'max_depth': 10, 'subsample': 0.8428541015720694, 'colsample_bytree': 0.9957274735090391, 'min_child_weight': 6, 'gamma': 4.637476959117198}. Best is trial 30 with value: 0.8365839392937202.
2025-05-05 07:13:37,525 - INFO - objective
[I 2025-05-05 07:34:47,271] Trial 42 finished with value: 0.830367660509038 and parameters: {'eta': 0.06741065815599856, 'max_depth': 10, 'subsample': 0.8805515517895942, 'colsample_bytree': 0.7937021995486637, 'min_child_weight': 4, 'gamma': 4.175583330357308}. Best is trial 30 with value: 0.8365839392937202.
2025-05-05 07:34:47,271 - INFO - objective
[I 2025-05-05 08:21:21,459] Trial 43 finished with value: 0.8344525176174512 and parameters: {'eta': 0.12573970842890075, 'max_depth': 10, 'subsample': 0.848440556646371, 'colsample_bytree': 0.9909960261179255, 'min_child_weight': 6, 'gamma': 4.656949995879481}. Best is trial 30 with value: 0.8365839392937202.
2025-05-05 08:21:21,459 - INFO - objective
[I 2025-05-05 08:40:22,621] Trial 44 finished with value: 0.8359287535498521 and parameters: {'eta': 0.15507707188675648, 'max_depth': 10, 'subsample': 0.8337720338576466, 'colsample_bytree': 0.9635220676077224, 'min_child_weight': 7, 'gamma': 4.275645629314851}. Best is trial 30 with value: 0.8365839392937202.
2025-05-05 08:40:22,622 - INFO - objective
[I 2025-05-05 08:56:27,570] Trial 45 finished with value: 0.8303654144528471 and parameters: {'eta': 0.10055241866090288, 'max_depth': 9, 'subsample': 0.8295067882102205, 'colsample_bytree': 0.9638424945630936, 'min_child_weight': 4, 'gamma': 4.21714964694194}. Best is trial 30 with value: 0.8365839392937202.
2025-05-05 08:56:27,570 - INFO - objective
[I 2025-05-05 09:13:21,981] Trial 46 finished with value: 0.8258027996640952 and parameters: {'eta': 0.14624645963584976, 'max_depth': 7, 'subsample': 0.8705269250917527, 'colsample_bytree': 0.9952929119779815, 'min_child_weight': 7, 'gamma': 4.718878950692186}. Best is trial 30 with value: 0.8365839392937202.
2025-05-05 09:13:21,982 - INFO - objective
[I 2025-05-05 09:33:10,711] Trial 47 finished with value: 0.8344858597542746 and parameters: {'eta': 0.12036688967530026, 'max_depth': 10, 'subsample': 0.8902482852229594, 'colsample_bytree': 0.9606476384462466, 'min_child_weight': 5, 'gamma': 1.3881046291406387}. Best is trial 30 with value: 0.8365839392937202.
2025-05-05 09:33:10,711 - INFO - objective
[I 2025-05-05 09:48:12,081] Trial 48 finished with value: 0.8106883567875126 and parameters: {'eta': 0.16063577361733863, 'max_depth': 4, 'subsample': 0.8015820735089524, 'colsample_bytree': 0.8763513546626542, 'min_child_weight': 6, 'gamma': 4.992589058484549}. Best is trial 30 with value: 0.8365839392937202.
2025-05-05 09:48:12,081 - INFO - objective
[I 2025-05-05 10:04:37,708] Trial 49 finished with value: 0.8288293939682229 and parameters: {'eta': 0.07800491094938189, 'max_depth': 9, 'subsample': 0.7609305228811365, 'colsample_bytree': 0.9455278698623321, 'min_child_weight': 7, 'gamma': 3.8011816614822913}. Best is trial 30 with value: 0.8365839392937202.
2025-05-05 10:04:37,708 - INFO - Best params: {'eta': 0.23864676731935283, 'max_depth': 10, 'subsample': 0.9108948022074845, 'colsample_bytree': 0.836510352267923, 'min_child_weight': 8, 'gamma': 3.870650680745466}
2025-05-05 10:04:37,708 - INFO - Best NDCG score: 0.8365839392937202
